FATAL [Thread-7] 2017-12-04 20:28:15,725 repast.simphony.ui.GUIScheduleRunner - RunTimeException when running the schedule
Current tick (1589271.0)
java.lang.NullPointerException
	at resources.SpaceResources.searchForObject(SpaceResources.java:63)
	at resources.SpaceResources.hasCar(SpaceResources.java:57)
	at behaviours.AskDirections.onTick(AskDirections.java:58)
	at sajas.core.behaviours.TickerBehaviour.action(TickerBehaviour.java:70)
	at sajas.core.behaviours.Behaviour.actionWrapper(Behaviour.java:341)
	at sajas.core.Agent.step(Agent.java:205)
	at sajas.sim.repasts.AgentAction.execute(AgentAction.java:69)
	at repast.simphony.engine.schedule.DefaultAction.execute(DefaultAction.java:38)
	at repast.simphony.engine.schedule.ScheduleGroup.executeList(ScheduleGroup.java:205)
	at repast.simphony.engine.schedule.ScheduleGroup.execute(ScheduleGroup.java:231)
	at repast.simphony.engine.schedule.Schedule.execute(Schedule.java:352)
	at repast.simphony.ui.GUIScheduleRunner$ScheduleLoopRunnable.run(GUIScheduleRunner.java:52)
	at java.lang.Thread.run(Unknown Source)
FATAL [Thread-7] 2017-12-04 20:33:04,780 repast.simphony.ui.GUIScheduleRunner - RunTimeException when running the schedule
Current tick (1555851.0)
java.lang.NullPointerException
	at resources.SpaceResources.searchForObject(SpaceResources.java:63)
	at resources.SpaceResources.hasCar(SpaceResources.java:57)
	at behaviours.AskDirections.onTick(AskDirections.java:59)
	at sajas.core.behaviours.TickerBehaviour.action(TickerBehaviour.java:70)
	at sajas.core.behaviours.Behaviour.actionWrapper(Behaviour.java:341)
	at sajas.core.Agent.step(Agent.java:205)
	at sajas.sim.repasts.AgentAction.execute(AgentAction.java:69)
	at repast.simphony.engine.schedule.DefaultAction.execute(DefaultAction.java:38)
	at repast.simphony.engine.schedule.ScheduleGroup.executeList(ScheduleGroup.java:205)
	at repast.simphony.engine.schedule.ScheduleGroup.execute(ScheduleGroup.java:231)
	at repast.simphony.engine.schedule.Schedule.execute(Schedule.java:352)
	at repast.simphony.ui.GUIScheduleRunner$ScheduleLoopRunnable.run(GUIScheduleRunner.java:52)
	at java.lang.Thread.run(Unknown Source)
FATAL [Thread-7] 2017-12-04 20:34:33,277 repast.simphony.ui.GUIScheduleRunner - RunTimeException when running the schedule
Current tick (1542935.0)
java.lang.NullPointerException
	at resources.SpaceResources.searchForObject(SpaceResources.java:63)
	at resources.SpaceResources.hasCar(SpaceResources.java:57)
	at behaviours.AskDirections.onTick(AskDirections.java:59)
	at sajas.core.behaviours.TickerBehaviour.action(TickerBehaviour.java:70)
	at sajas.core.behaviours.Behaviour.actionWrapper(Behaviour.java:341)
	at sajas.core.Agent.step(Agent.java:205)
	at sajas.sim.repasts.AgentAction.execute(AgentAction.java:69)
	at repast.simphony.engine.schedule.DefaultAction.execute(DefaultAction.java:38)
	at repast.simphony.engine.schedule.ScheduleGroup.executeList(ScheduleGroup.java:205)
	at repast.simphony.engine.schedule.ScheduleGroup.execute(ScheduleGroup.java:231)
	at repast.simphony.engine.schedule.Schedule.execute(Schedule.java:352)
	at repast.simphony.ui.GUIScheduleRunner$ScheduleLoopRunnable.run(GUIScheduleRunner.java:52)
	at java.lang.Thread.run(Unknown Source)
FATAL [Thread-7] 2017-12-04 20:39:06,132 repast.simphony.ui.GUIScheduleRunner - RunTimeException when running the schedule
Current tick (5.0)
java.lang.NullPointerException
	at resources.SpaceResources.searchForObject(SpaceResources.java:63)
	at resources.SpaceResources.hasCar(SpaceResources.java:57)
	at behaviours.AskDirections.action(AskDirections.java:58)
	at sajas.core.behaviours.Behaviour.actionWrapper(Behaviour.java:341)
	at sajas.core.Agent.step(Agent.java:205)
	at sajas.sim.repasts.AgentAction.execute(AgentAction.java:69)
	at repast.simphony.engine.schedule.DefaultAction.execute(DefaultAction.java:38)
	at repast.simphony.engine.schedule.ScheduleGroup.executeList(ScheduleGroup.java:205)
	at repast.simphony.engine.schedule.ScheduleGroup.execute(ScheduleGroup.java:231)
	at repast.simphony.engine.schedule.Schedule.execute(Schedule.java:352)
	at repast.simphony.ui.GUIScheduleRunner$ScheduleLoopRunnable.run(GUIScheduleRunner.java:52)
	at java.lang.Thread.run(Unknown Source)
FATAL [Thread-7] 2017-12-04 20:46:09,916 repast.simphony.ui.GUIScheduleRunner - RunTimeException when running the schedule
Current tick (1536349.0)
java.lang.NullPointerException
	at resources.SpaceResources.searchForObject(SpaceResources.java:63)
	at resources.SpaceResources.hasCar(SpaceResources.java:57)
	at behaviours.AskDirections.onTick(AskDirections.java:81)
	at sajas.core.behaviours.TickerBehaviour.action(TickerBehaviour.java:70)
	at sajas.core.behaviours.Behaviour.actionWrapper(Behaviour.java:341)
	at sajas.core.Agent.step(Agent.java:205)
	at sajas.sim.repasts.AgentAction.execute(AgentAction.java:69)
	at repast.simphony.engine.schedule.DefaultAction.execute(DefaultAction.java:38)
	at repast.simphony.engine.schedule.ScheduleGroup.executeList(ScheduleGroup.java:205)
	at repast.simphony.engine.schedule.ScheduleGroup.execute(ScheduleGroup.java:231)
	at repast.simphony.engine.schedule.Schedule.execute(Schedule.java:352)
	at repast.simphony.ui.GUIScheduleRunner$ScheduleLoopRunnable.run(GUIScheduleRunner.java:52)
	at java.lang.Thread.run(Unknown Source)
FATAL [Thread-7] 2017-12-04 21:01:38,757 repast.simphony.ui.GUIScheduleRunner - RunTimeException when running the schedule
Current tick (3378992.0)
java.lang.NullPointerException
	at algorithms.AStar.shortestPath(AStar.java:77)
	at behaviours.CarMessagesReceiver.action(CarMessagesReceiver.java:42)
	at sajas.core.behaviours.Behaviour.actionWrapper(Behaviour.java:341)
	at sajas.core.Agent.step(Agent.java:205)
	at sajas.sim.repasts.AgentAction.execute(AgentAction.java:69)
	at repast.simphony.engine.schedule.DefaultAction.execute(DefaultAction.java:38)
	at repast.simphony.engine.schedule.ScheduleGroup.executeList(ScheduleGroup.java:205)
	at repast.simphony.engine.schedule.ScheduleGroup.execute(ScheduleGroup.java:231)
	at repast.simphony.engine.schedule.Schedule.execute(Schedule.java:352)
	at repast.simphony.ui.GUIScheduleRunner$ScheduleLoopRunnable.run(GUIScheduleRunner.java:52)
	at java.lang.Thread.run(Unknown Source)
FATAL [Thread-7] 2017-12-04 21:12:11,029 repast.simphony.ui.GUIScheduleRunner - RunTimeException when running the schedule
Current tick (3535450.0)
java.lang.NullPointerException
	at behaviours.CarMessagesReceiver.action(CarMessagesReceiver.java:31)
	at sajas.core.behaviours.Behaviour.actionWrapper(Behaviour.java:341)
	at sajas.core.Agent.step(Agent.java:205)
	at sajas.sim.repasts.AgentAction.execute(AgentAction.java:69)
	at repast.simphony.engine.schedule.DefaultAction.execute(DefaultAction.java:38)
	at repast.simphony.engine.schedule.ScheduleGroup.executeList(ScheduleGroup.java:205)
	at repast.simphony.engine.schedule.ScheduleGroup.execute(ScheduleGroup.java:231)
	at repast.simphony.engine.schedule.Schedule.execute(Schedule.java:352)
	at repast.simphony.ui.GUIScheduleRunner$ScheduleLoopRunnable.run(GUIScheduleRunner.java:52)
	at java.lang.Thread.run(Unknown Source)
FATAL [Thread-7] 2017-12-04 21:31:45,751 repast.simphony.ui.GUIScheduleRunner - RunTimeException when running the schedule
Current tick (758624.0)
java.lang.ClassCastException: jade.core.AID cannot be cast to sajas.core.AID
	at behaviours.CarMessagesReceiver.action(CarMessagesReceiver.java:48)
	at sajas.core.behaviours.Behaviour.actionWrapper(Behaviour.java:341)
	at sajas.core.Agent.step(Agent.java:205)
	at sajas.sim.repasts.AgentAction.execute(AgentAction.java:69)
	at repast.simphony.engine.schedule.DefaultAction.execute(DefaultAction.java:38)
	at repast.simphony.engine.schedule.ScheduleGroup.executeList(ScheduleGroup.java:205)
	at repast.simphony.engine.schedule.ScheduleGroup.execute(ScheduleGroup.java:231)
	at repast.simphony.engine.schedule.Schedule.execute(Schedule.java:352)
	at repast.simphony.ui.GUIScheduleRunner$ScheduleLoopRunnable.run(GUIScheduleRunner.java:52)
	at java.lang.Thread.run(Unknown Source)
FATAL [Thread-7] 2017-12-05 20:35:05,852 repast.simphony.ui.GUIScheduleRunner - RunTimeException when running the schedule
Current tick (1.819026E7)
java.lang.NullPointerException
	at cityStructure.Intersection.getPerceptionEntries(Intersection.java:236)
	at cityStructure.SimpleIntersection.<init>(SimpleIntersection.java:21)
	at cityStructure.SimpleIntersection.getIntersectionPerception(SimpleIntersection.java:26)
	at cityStructure.SimpleIntersection.getIntersectionPerception(SimpleIntersection.java:1)
	at behaviours.LearnMap.action(LearnMap.java:30)
	at sajas.core.behaviours.Behaviour.actionWrapper(Behaviour.java:341)
	at sajas.core.Agent.step(Agent.java:205)
	at sajas.sim.repasts.AgentAction.execute(AgentAction.java:69)
	at repast.simphony.engine.schedule.DefaultAction.execute(DefaultAction.java:38)
	at repast.simphony.engine.schedule.ScheduleGroup.executeList(ScheduleGroup.java:205)
	at repast.simphony.engine.schedule.ScheduleGroup.execute(ScheduleGroup.java:231)
	at repast.simphony.engine.schedule.Schedule.execute(Schedule.java:352)
	at repast.simphony.ui.GUIScheduleRunner$ScheduleLoopRunnable.run(GUIScheduleRunner.java:52)
	at java.lang.Thread.run(Unknown Source)
FATAL [Thread-7] 2017-12-05 20:36:30,094 repast.simphony.ui.GUIScheduleRunner - RunTimeException when running the schedule
Current tick (1504117.0)
java.lang.NullPointerException
	at cityStructure.Intersection.getPerceptionEntries(Intersection.java:236)
	at cityStructure.SimpleIntersection.<init>(SimpleIntersection.java:21)
	at cityStructure.SimpleIntersection.getIntersectionPerception(SimpleIntersection.java:26)
	at cityStructure.SimpleIntersection.getIntersectionPerception(SimpleIntersection.java:1)
	at behaviours.LearnMap.action(LearnMap.java:32)
	at sajas.core.behaviours.Behaviour.actionWrapper(Behaviour.java:341)
	at sajas.core.Agent.step(Agent.java:205)
	at sajas.sim.repasts.AgentAction.execute(AgentAction.java:69)
	at repast.simphony.engine.schedule.DefaultAction.execute(DefaultAction.java:38)
	at repast.simphony.engine.schedule.ScheduleGroup.executeList(ScheduleGroup.java:205)
	at repast.simphony.engine.schedule.ScheduleGroup.execute(ScheduleGroup.java:231)
	at repast.simphony.engine.schedule.Schedule.execute(Schedule.java:352)
	at repast.simphony.ui.GUIScheduleRunner$ScheduleLoopRunnable.run(GUIScheduleRunner.java:52)
	at java.lang.Thread.run(Unknown Source)
FATAL [Thread-7] 2017-12-05 20:58:07,020 repast.simphony.ui.GUIScheduleRunner - RunTimeException when running the schedule
Current tick (1515001.0)
java.lang.NullPointerException
	at behaviours.LearnMap.action(LearnMap.java:33)
	at sajas.core.behaviours.Behaviour.actionWrapper(Behaviour.java:341)
	at sajas.core.Agent.step(Agent.java:205)
	at sajas.sim.repasts.AgentAction.execute(AgentAction.java:69)
	at repast.simphony.engine.schedule.DefaultAction.execute(DefaultAction.java:38)
	at repast.simphony.engine.schedule.ScheduleGroup.executeList(ScheduleGroup.java:205)
	at repast.simphony.engine.schedule.ScheduleGroup.execute(ScheduleGroup.java:231)
	at repast.simphony.engine.schedule.Schedule.execute(Schedule.java:352)
	at repast.simphony.ui.GUIScheduleRunner$ScheduleLoopRunnable.run(GUIScheduleRunner.java:52)
	at java.lang.Thread.run(Unknown Source)
FATAL [Thread-8] 2017-12-05 21:17:26,208 repast.simphony.ui.GUIScheduleRunner - RunTimeException when running the schedule
Current tick (5138243.0)
java.lang.NullPointerException
	at cityStructure.Intersection.insertRoad(Intersection.java:117)
	at cityStructure.Road.setEndIntersection(Road.java:202)
	at behaviours.LearnMap.action(LearnMap.java:44)
	at sajas.core.behaviours.Behaviour.actionWrapper(Behaviour.java:341)
	at sajas.core.Agent.step(Agent.java:205)
	at sajas.sim.repasts.AgentAction.execute(AgentAction.java:69)
	at repast.simphony.engine.schedule.DefaultAction.execute(DefaultAction.java:38)
	at repast.simphony.engine.schedule.ScheduleGroup.executeList(ScheduleGroup.java:205)
	at repast.simphony.engine.schedule.ScheduleGroup.execute(ScheduleGroup.java:231)
	at repast.simphony.engine.schedule.Schedule.execute(Schedule.java:352)
	at repast.simphony.ui.GUIScheduleRunner$ScheduleLoopRunnable.run(GUIScheduleRunner.java:52)
	at java.lang.Thread.run(Unknown Source)
FATAL [Thread-7] 2017-12-05 23:44:47,048 repast.simphony.ui.GUIScheduleRunner - RunTimeException when running the schedule
Current tick (3555772.0)
java.lang.NullPointerException
	at algorithms.AStar.shortestPath(AStar.java:49)
	at behaviours.CarMessagesReceiver.action(CarMessagesReceiver.java:114)
	at sajas.core.behaviours.Behaviour.actionWrapper(Behaviour.java:341)
	at sajas.core.Agent.step(Agent.java:205)
	at sajas.sim.repasts.AgentAction.execute(AgentAction.java:69)
	at repast.simphony.engine.schedule.DefaultAction.execute(DefaultAction.java:38)
	at repast.simphony.engine.schedule.ScheduleGroup.executeList(ScheduleGroup.java:205)
	at repast.simphony.engine.schedule.ScheduleGroup.execute(ScheduleGroup.java:231)
	at repast.simphony.engine.schedule.Schedule.execute(Schedule.java:352)
	at repast.simphony.ui.GUIScheduleRunner$ScheduleLoopRunnable.run(GUIScheduleRunner.java:52)
	at java.lang.Thread.run(Unknown Source)
FATAL [Thread-7] 2017-12-06 18:35:33,384 repast.simphony.ui.GUIScheduleRunner - RunTimeException when running the schedule
Current tick (692816.0)
java.lang.NullPointerException
	at algorithms.QLearning.getMaxQuality(QLearning.java:121)
	at algorithms.QLearning.updateQualityValues(QLearning.java:100)
	at behaviours.LearnMap.action(LearnMap.java:88)
	at sajas.core.behaviours.Behaviour.actionWrapper(Behaviour.java:341)
	at sajas.core.Agent.step(Agent.java:205)
	at sajas.sim.repasts.AgentAction.execute(AgentAction.java:69)
	at repast.simphony.engine.schedule.DefaultAction.execute(DefaultAction.java:38)
	at repast.simphony.engine.schedule.ScheduleGroup.executeList(ScheduleGroup.java:205)
	at repast.simphony.engine.schedule.ScheduleGroup.execute(ScheduleGroup.java:231)
	at repast.simphony.engine.schedule.Schedule.execute(Schedule.java:352)
	at repast.simphony.ui.GUIScheduleRunner$ScheduleLoopRunnable.run(GUIScheduleRunner.java:52)
	at java.lang.Thread.run(Unknown Source)
FATAL [Thread-7] 2017-12-06 18:40:04,079 repast.simphony.ui.GUIScheduleRunner - RunTimeException when running the schedule
Current tick (117122.0)
java.lang.NullPointerException
	at algorithms.QLearning.getMaxQuality(QLearning.java:121)
	at algorithms.QLearning.updateQualityValues(QLearning.java:100)
	at behaviours.LearnMap.action(LearnMap.java:89)
	at sajas.core.behaviours.Behaviour.actionWrapper(Behaviour.java:341)
	at sajas.core.Agent.step(Agent.java:205)
	at sajas.sim.repasts.AgentAction.execute(AgentAction.java:69)
	at repast.simphony.engine.schedule.DefaultAction.execute(DefaultAction.java:38)
	at repast.simphony.engine.schedule.ScheduleGroup.executeList(ScheduleGroup.java:205)
	at repast.simphony.engine.schedule.ScheduleGroup.execute(ScheduleGroup.java:231)
	at repast.simphony.engine.schedule.Schedule.execute(Schedule.java:352)
	at repast.simphony.ui.GUIScheduleRunner$ScheduleLoopRunnable.run(GUIScheduleRunner.java:52)
	at java.lang.Thread.run(Unknown Source)
FATAL [Thread-7] 2017-12-06 18:46:37,100 repast.simphony.ui.GUIScheduleRunner - RunTimeException when running the schedule
Current tick (1.9172789E7)
java.lang.NullPointerException
	at resources.Point.getDistance(Point.java:27)
	at algorithms.QLearning.getReward(QLearning.java:168)
	at algorithms.QLearning.updateQualityValues(QLearning.java:104)
	at behaviours.LearnMap.action(LearnMap.java:87)
	at sajas.core.behaviours.Behaviour.actionWrapper(Behaviour.java:341)
	at sajas.core.Agent.step(Agent.java:205)
	at sajas.sim.repasts.AgentAction.execute(AgentAction.java:69)
	at repast.simphony.engine.schedule.DefaultAction.execute(DefaultAction.java:38)
	at repast.simphony.engine.schedule.ScheduleGroup.executeList(ScheduleGroup.java:205)
	at repast.simphony.engine.schedule.ScheduleGroup.execute(ScheduleGroup.java:231)
	at repast.simphony.engine.schedule.Schedule.execute(Schedule.java:352)
	at repast.simphony.ui.GUIScheduleRunner$ScheduleLoopRunnable.run(GUIScheduleRunner.java:52)
	at java.lang.Thread.run(Unknown Source)
ERROR [AWT-EventQueue-0] 2017-12-07 18:29:57,086 repast.simphony.ui.RSApplication - Error while initializing simulation
java.lang.NullPointerException
	at algorithms.QLearning.<init>(QLearning.java:70)
	at agents.CarAgent.<init>(CarAgent.java:43)
	at cityTraffic.CityTrafficBuilder.launchAgents(CityTrafficBuilder.java:138)
	at cityTraffic.CityTrafficBuilder.launchJADE(CityTrafficBuilder.java:70)
	at sajas.sim.repasts.RepastSLauncher.build(RepastSLauncher.java:78)
	at cityTraffic.CityTrafficBuilder.build(CityTrafficBuilder.java:164)
	at repast.simphony.dataLoader.engine.ClassNameContextBuilder.build(ClassNameContextBuilder.java:41)
	at repast.simphony.dataLoader.engine.DataLoaderControllerAction.runInitialize(DataLoaderControllerAction.java:48)
	at repast.simphony.engine.controller.DefaultController$2.visit(DefaultController.java:214)
	at repast.simphony.engine.controller.DefaultController$2.visit(DefaultController.java:1)
	at repast.simphony.util.collections.NaryTree.preOrderTraverals(NaryTree.java:292)
	at repast.simphony.util.collections.NaryTree.preOrderTraverals(NaryTree.java:295)
	at repast.simphony.util.collections.NaryTree.preOrderTraverals(NaryTree.java:295)
	at repast.simphony.util.collections.NaryTree.preOrderTraversal(NaryTree.java:288)
	at repast.simphony.engine.controller.DefaultController.runInitialize(DefaultController.java:212)
	at repast.simphony.engine.controller.DefaultController.runInitialize(DefaultController.java:383)
	at repast.simphony.ui.RSApplication.initSim(RSApplication.java:157)
	at repast.simphony.ui.RSApplication.start(RSApplication.java:189)
	at repast.simphony.ui.action.StartRun.actionPerformed(StartRun.java:17)
	at javax.swing.AbstractButton.fireActionPerformed(Unknown Source)
	at javax.swing.AbstractButton$Handler.actionPerformed(Unknown Source)
	at javax.swing.DefaultButtonModel.fireActionPerformed(Unknown Source)
	at javax.swing.DefaultButtonModel.setPressed(Unknown Source)
	at javax.swing.plaf.basic.BasicButtonListener.mouseReleased(Unknown Source)
	at java.awt.AWTEventMulticaster.mouseReleased(Unknown Source)
	at java.awt.Component.processMouseEvent(Unknown Source)
	at javax.swing.JComponent.processMouseEvent(Unknown Source)
	at java.awt.Component.processEvent(Unknown Source)
	at java.awt.Container.processEvent(Unknown Source)
	at java.awt.Component.dispatchEventImpl(Unknown Source)
	at java.awt.Container.dispatchEventImpl(Unknown Source)
	at java.awt.Component.dispatchEvent(Unknown Source)
	at java.awt.LightweightDispatcher.retargetMouseEvent(Unknown Source)
	at java.awt.LightweightDispatcher.processMouseEvent(Unknown Source)
	at java.awt.LightweightDispatcher.dispatchEvent(Unknown Source)
	at java.awt.Container.dispatchEventImpl(Unknown Source)
	at java.awt.Window.dispatchEventImpl(Unknown Source)
	at java.awt.Component.dispatchEvent(Unknown Source)
	at java.awt.EventQueue.dispatchEventImpl(Unknown Source)
	at java.awt.EventQueue.access$500(Unknown Source)
	at java.awt.EventQueue$3.run(Unknown Source)
	at java.awt.EventQueue$3.run(Unknown Source)
	at java.security.AccessController.doPrivileged(Native Method)
	at java.security.ProtectionDomain$JavaSecurityAccessImpl.doIntersectionPrivilege(Unknown Source)
	at java.security.ProtectionDomain$JavaSecurityAccessImpl.doIntersectionPrivilege(Unknown Source)
	at java.awt.EventQueue$4.run(Unknown Source)
	at java.awt.EventQueue$4.run(Unknown Source)
	at java.security.AccessController.doPrivileged(Native Method)
	at java.security.ProtectionDomain$JavaSecurityAccessImpl.doIntersectionPrivilege(Unknown Source)
	at java.awt.EventQueue.dispatchEvent(Unknown Source)
	at java.awt.EventDispatchThread.pumpOneEventForFilters(Unknown Source)
	at java.awt.EventDispatchThread.pumpEventsForFilter(Unknown Source)
	at java.awt.EventDispatchThread.pumpEventsForHierarchy(Unknown Source)
	at java.awt.EventDispatchThread.pumpEvents(Unknown Source)
	at java.awt.EventDispatchThread.pumpEvents(Unknown Source)
	at java.awt.EventDispatchThread.run(Unknown Source)
