2017-12-09 02:05:16,336 - Loaded System Directive: org.apache.velocity.runtime.directive.Parse
2017-12-09 02:05:16,337 - Loaded System Directive: org.apache.velocity.runtime.directive.Include
2017-12-09 02:05:16,338 - Loaded System Directive: org.apache.velocity.runtime.directive.Foreach
2017-12-09 02:05:16,360 - Created: 20 parsers.
2017-12-09 02:05:16,366 - Velocimacro : initialization starting.
2017-12-09 02:05:16,366 - Velocimacro : adding VMs from VM library template : VM_global_library.vm
2017-12-09 02:05:16,372 - ResourceManager : unable to find resource 'VM_global_library.vm' in any resource loader.
2017-12-09 02:05:16,373 - Velocimacro : error using  VM library template VM_global_library.vm : org.apache.velocity.exception.ResourceNotFoundException: Unable to find resource 'VM_global_library.vm'
2017-12-09 02:05:16,373 - Velocimacro :  VM library template macro registration complete.
2017-12-09 02:05:16,373 - Velocimacro : allowInline = true : VMs can be defined inline in templates
2017-12-09 02:05:16,373 - Velocimacro : allowInlineToOverride = false : VMs defined inline may NOT replace previous VM definitions
2017-12-09 02:05:16,373 - Velocimacro : allowInlineLocal = false : VMs defined inline will be  global in scope if allowed.
2017-12-09 02:05:16,373 - Velocimacro : messages on  : VM system will output logging messages
2017-12-09 02:05:16,373 - Velocimacro : autoload off  : VM system will not automatically reload global library macros
2017-12-09 02:05:16,373 - Velocimacro : initialization complete.
2017-12-09 02:05:16,373 - Velocity successfully started.
2017-12-09 02:07:34,186 - SimpleLog4JLogSystem initialized using logfile 'velocity.log'
2017-12-09 02:07:34,186 - ************************************************************** 
2017-12-09 02:07:34,186 - Starting Jakarta Velocity v1.4
2017-12-09 02:07:34,186 - RuntimeInstance initializing.
2017-12-09 02:07:34,186 - Default Properties File: org\apache\velocity\runtime\defaults\velocity.properties
2017-12-09 02:07:34,186 - Trying to use logger class org.apache.velocity.runtime.log.SimpleLog4JLogSystem
2017-12-09 02:07:34,186 - Using logger class org.apache.velocity.runtime.log.SimpleLog4JLogSystem
2017-12-09 02:07:34,189 - Default ResourceManager initializing. (class org.apache.velocity.runtime.resource.ResourceManagerImpl)
2017-12-09 02:07:34,191 - Resource Loader Instantiated: org.apache.velocity.runtime.resource.loader.ClasspathResourceLoader
2017-12-09 02:07:34,191 - ClasspathResourceLoader : initialization starting.
2017-12-09 02:07:34,191 - ClasspathResourceLoader : initialization complete.
2017-12-09 02:07:34,192 - ResourceCache : initialized. (class org.apache.velocity.runtime.resource.ResourceCacheImpl)
2017-12-09 02:07:34,192 - Default ResourceManager initialization complete.
2017-12-09 02:07:34,194 - Loaded System Directive: org.apache.velocity.runtime.directive.Literal
2017-12-09 02:07:34,196 - Loaded System Directive: org.apache.velocity.runtime.directive.Macro
2017-12-09 02:07:34,198 - Loaded System Directive: org.apache.velocity.runtime.directive.Parse
2017-12-09 02:07:34,200 - Loaded System Directive: org.apache.velocity.runtime.directive.Include
2017-12-09 02:07:34,200 - Loaded System Directive: org.apache.velocity.runtime.directive.Foreach
2017-12-09 02:07:34,222 - Created: 20 parsers.
2017-12-09 02:07:34,228 - Velocimacro : initialization starting.
2017-12-09 02:07:34,228 - Velocimacro : adding VMs from VM library template : VM_global_library.vm
2017-12-09 02:07:34,235 - ResourceManager : unable to find resource 'VM_global_library.vm' in any resource loader.
2017-12-09 02:07:34,235 - Velocimacro : error using  VM library template VM_global_library.vm : org.apache.velocity.exception.ResourceNotFoundException: Unable to find resource 'VM_global_library.vm'
2017-12-09 02:07:34,235 - Velocimacro :  VM library template macro registration complete.
2017-12-09 02:07:34,235 - Velocimacro : allowInline = true : VMs can be defined inline in templates
2017-12-09 02:07:34,235 - Velocimacro : allowInlineToOverride = false : VMs defined inline may NOT replace previous VM definitions
2017-12-09 02:07:34,235 - Velocimacro : allowInlineLocal = false : VMs defined inline will be  global in scope if allowed.
2017-12-09 02:07:34,235 - Velocimacro : messages on  : VM system will output logging messages
2017-12-09 02:07:34,235 - Velocimacro : autoload off  : VM system will not automatically reload global library macros
2017-12-09 02:07:34,235 - Velocimacro : initialization complete.
2017-12-09 02:07:34,235 - Velocity successfully started.
2017-12-09 02:08:41,756 - SimpleLog4JLogSystem initialized using logfile 'velocity.log'
2017-12-09 02:08:41,756 - ************************************************************** 
2017-12-09 02:08:41,756 - Starting Jakarta Velocity v1.4
2017-12-09 02:08:41,756 - RuntimeInstance initializing.
2017-12-09 02:08:41,756 - Default Properties File: org\apache\velocity\runtime\defaults\velocity.properties
2017-12-09 02:08:41,756 - Trying to use logger class org.apache.velocity.runtime.log.SimpleLog4JLogSystem
2017-12-09 02:08:41,756 - Using logger class org.apache.velocity.runtime.log.SimpleLog4JLogSystem
2017-12-09 02:08:41,759 - Default ResourceManager initializing. (class org.apache.velocity.runtime.resource.ResourceManagerImpl)
2017-12-09 02:08:41,761 - Resource Loader Instantiated: org.apache.velocity.runtime.resource.loader.ClasspathResourceLoader
2017-12-09 02:08:41,761 - ClasspathResourceLoader : initialization starting.
2017-12-09 02:08:41,761 - ClasspathResourceLoader : initialization complete.
2017-12-09 02:08:41,763 - ResourceCache : initialized. (class org.apache.velocity.runtime.resource.ResourceCacheImpl)
2017-12-09 02:08:41,763 - Default ResourceManager initialization complete.
2017-12-09 02:08:41,765 - Loaded System Directive: org.apache.velocity.runtime.directive.Literal
2017-12-09 02:08:41,766 - Loaded System Directive: org.apache.velocity.runtime.directive.Macro
2017-12-09 02:08:41,769 - Loaded System Directive: org.apache.velocity.runtime.directive.Parse
2017-12-09 02:08:41,770 - Loaded System Directive: org.apache.velocity.runtime.directive.Include
2017-12-09 02:08:41,771 - Loaded System Directive: org.apache.velocity.runtime.directive.Foreach
2017-12-09 02:08:41,793 - Created: 20 parsers.
2017-12-09 02:08:41,800 - Velocimacro : initialization starting.
2017-12-09 02:08:41,800 - Velocimacro : adding VMs from VM library template : VM_global_library.vm
2017-12-09 02:08:41,807 - ResourceManager : unable to find resource 'VM_global_library.vm' in any resource loader.
2017-12-09 02:08:41,807 - Velocimacro : error using  VM library template VM_global_library.vm : org.apache.velocity.exception.ResourceNotFoundException: Unable to find resource 'VM_global_library.vm'
2017-12-09 02:08:41,807 - Velocimacro :  VM library template macro registration complete.
2017-12-09 02:08:41,807 - Velocimacro : allowInline = true : VMs can be defined inline in templates
2017-12-09 02:08:41,807 - Velocimacro : allowInlineToOverride = false : VMs defined inline may NOT replace previous VM definitions
2017-12-09 02:08:41,807 - Velocimacro : allowInlineLocal = false : VMs defined inline will be  global in scope if allowed.
2017-12-09 02:08:41,807 - Velocimacro : messages on  : VM system will output logging messages
2017-12-09 02:08:41,807 - Velocimacro : autoload off  : VM system will not automatically reload global library macros
2017-12-09 02:08:41,807 - Velocimacro : initialization complete.
2017-12-09 02:08:41,807 - Velocity successfully started.
